<?xml version="1.0" encoding="UTF-8"?>
<!-- Generated by org.testng.reporters.JUnitReportReporter -->
<testsuite skipped="0" hostname="IMCBCP125-TXD" name="automation.testcases.HomepageTest" tests="3" failures="0" timestamp="17 Jul 2020 19:37:46 GMT" time="50.842" errors="0">
  <testcase name="ValidateHomepageTitleTest" time="17.188" classname="automation.testcases.HomepageTest"/>
  <testcase name="ValidateUsernameDisplayTest" time="16.785" classname="automation.testcases.HomepageTest"/>
  <testcase name="VerifyClickonContactsLinkTest" time="16.869" classname="automation.testcases.HomepageTest"/>
</testsuite> <!-- automation.testcases.HomepageTest -->
