<?xml version="1.0" encoding="UTF-8"?>
<!-- Generated by org.testng.reporters.JUnitReportReporter -->
<testsuite skipped="0" hostname="IMCBCP125-TXD" name="automation.testcases.HomepageTest" tests="3" failures="0" timestamp="18 Jul 2020 17:55:13 GMT" time="55.932" errors="0">
  <testcase name="ValidateHomepageTitleTest" time="17.487" classname="automation.testcases.HomepageTest"/>
  <testcase name="ValidateUsernameDisplayTest" time="19.001" classname="automation.testcases.HomepageTest"/>
  <testcase name="VerifyClickonContactsLinkTest" time="19.444" classname="automation.testcases.HomepageTest"/>
</testsuite> <!-- automation.testcases.HomepageTest -->
