<?xml version="1.0" encoding="UTF-8"?>
<!-- Generated by org.testng.reporters.JUnitReportReporter -->
<testsuite skipped="0" hostname="IMCBCP125-TXD" name="automation.testcases.LoginpageTest" tests="3" failures="0" timestamp="16 Jul 2020 17:20:33 GMT" time="42.230" errors="0">
  <testcase name="LoginpageTitleTest" time="12.336" classname="automation.testcases.LoginpageTest"/>
  <testcase name="LogoTest" time="16.138" classname="automation.testcases.LoginpageTest"/>
  <testcase name="LoginTest" time="13.756" classname="automation.testcases.LoginpageTest"/>
</testsuite> <!-- automation.testcases.LoginpageTest -->
